This file contains any messages produced by compilers while
running configure, to aid debugging if configure makes a mistake.

It was created by FbTerm configure 1.7, which was
generated by GNU Autoconf 2.65.  Invocation command line was

  $ ./configure --host=arm-rockchip830-linux-uclibcgnueabihf --prefix=/usr

## --------- ##
## Platform. ##
## --------- ##

hostname = miku-machine
uname -m = x86_64
uname -r = 5.4.0-216-generic
uname -s = Linux
uname -v = #236-Ubuntu SMP Fri Apr 11 19:53:21 UTC 2025

/usr/bin/uname -p = x86_64
/bin/uname -X     = unknown

/bin/arch              = x86_64
/usr/bin/arch -k       = unknown
/usr/convex/getsysinfo = unknown
/usr/bin/hostinfo      = unknown
/bin/machine           = unknown
/usr/bin/oslevel       = unknown
/bin/universe          = unknown

PATH: /opt/luckfox-pico/toolchain/bin
PATH: /opt/luckfox-pico/toolchain/bin
PATH: /home/miku/luckfox-pico/tools/linux/toolchain/arm-rockchip830-linux-uclibcgnueabihf/bin
PATH: /home/miku/luckfox-pico/tools/linux/toolchain/arm-rockchip830-linux-uclibcgnueabihf/bin
PATH: /home/miku/luckfox-pico/tools/linux/toolchain/arm-rockchip830-linux-uclibcgnueabihf/bin
PATH: /home/miku/luckfox-pico/tools/linux/toolchain/arm-rockchip830-linux-uclibcgnueabihf/bin
PATH: /home/miku/luckfox-pico/tools/linux/toolchain/arm-rockchip830-linux-uclibcgnueabihf/bin
PATH: /usr/local/sbin
PATH: /usr/local/bin
PATH: /usr/sbin
PATH: /usr/bin
PATH: /sbin
PATH: /bin
PATH: /usr/games
PATH: /usr/local/games
PATH: /snap/bin


## ----------- ##
## Core tests. ##
## ----------- ##

configure:2268: checking for a BSD-compatible install
configure:2336: result: /usr/bin/install -c
configure:2347: checking whether build environment is sane
configure:2397: result: yes
configure:2446: checking for arm-rockchip830-linux-uclibcgnueabihf-strip
configure:2473: result: arm-rockchip830-linux-uclibcgnueabihf-strip
configure:2538: checking for a thread-safe mkdir -p
configure:2577: result: /usr/bin/mkdir -p
configure:2590: checking for gawk
configure:2606: found /usr/bin/gawk
configure:2617: result: gawk
configure:2628: checking whether make sets $(MAKE)
configure:2650: result: yes
configure:2850: checking for C++ compiler version
configure:2859: arm-rockchip830-linux-uclibcgnueabihf-g++ --version >&5
arm-rockchip830-linux-uclibcgnueabihf-g++ (crosstool-NG 1.24.0) 8.3.0
Copyright (C) 2018 Free Software Foundation, Inc.
This is free software; see the source for copying conditions.  There is NO
warranty; not even for MERCHANTABILITY or FITNESS FOR A PARTICULAR PURPOSE.

configure:2870: $? = 0
configure:2859: arm-rockchip830-linux-uclibcgnueabihf-g++ -v >&5
Using built-in specs.
COLLECT_GCC=arm-rockchip830-linux-uclibcgnueabihf-g++
COLLECT_LTO_WRAPPER=/home/miku/luckfox-pico/tools/linux/toolchain/arm-rockchip830-linux-uclibcgnueabihf/bin/../libexec/gcc/arm-rockchip830-linux-uclibcgnueabihf/8.3.0/lto-wrapper
Target: arm-rockchip830-linux-uclibcgnueabihf
Configured with: /opt/.build/arm-rockchip830-linux-uclibcgnueabihf/src/gcc/configure --build=x86_64-build_pc-linux-gnu --host=x86_64-build_pc-linux-gnu --target=arm-rockchip830-linux-uclibcgnueabihf --prefix=/opt/x-tool/arm-rockchip830-linux-uclibcgnueabihf --with-sysroot=/opt/x-tool/arm-rockchip830-linux-uclibcgnueabihf/arm-rockchip830-linux-uclibcgnueabihf/sysroot --enable-languages=c,c++ --with-arch=armv7-a --with-fpu=neon-vfpv4 --with-float=hard --with-pkgversion='crosstool-NG 1.24.0' --enable-__cxa_atexit --disable-libmudflap --disable-libgomp --disable-libssp --disable-libquadmath --disable-libquadmath-support --disable-libsanitizer --disable-libmpx --with-gmp=/opt/.build/arm-rockchip830-linux-uclibcgnueabihf/buildtools --with-mpfr=/opt/.build/arm-rockchip830-linux-uclibcgnueabihf/buildtools --with-mpc=/opt/.build/arm-rockchip830-linux-uclibcgnueabihf/buildtools --with-isl=/opt/.build/arm-rockchip830-linux-uclibcgnueabihf/buildtools --enable-lto --with-host-libstdcxx='-static-libgcc -Wl,-Bstatic,-lstdc++,-Bdynamic -lm' --enable-threads=posix --enable-target-optspace --enable-plugin --enable-gold --disable-nls --disable-multilib --with-local-prefix=/opt/x-tool/arm-rockchip830-linux-uclibcgnueabihf/arm-rockchip830-linux-uclibcgnueabihf/sysroot --enable-long-long
Thread model: posix
gcc version 8.3.0 (crosstool-NG 1.24.0) 
configure:2870: $? = 0
configure:2859: arm-rockchip830-linux-uclibcgnueabihf-g++ -V >&5
arm-rockchip830-linux-uclibcgnueabihf-g++: error: unrecognized command line option '-V'
arm-rockchip830-linux-uclibcgnueabihf-g++: fatal error: no input files
compilation terminated.
configure:2870: $? = 1
configure:2859: arm-rockchip830-linux-uclibcgnueabihf-g++ -qversion >&5
arm-rockchip830-linux-uclibcgnueabihf-g++: error: unrecognized command line option '-qversion'; did you mean '--version'?
arm-rockchip830-linux-uclibcgnueabihf-g++: fatal error: no input files
compilation terminated.
configure:2870: $? = 1
configure:2890: checking whether the C++ compiler works
configure:2912: arm-rockchip830-linux-uclibcgnueabihf-g++ -fpermissive -std=gnu++98 -I/home/miku/luckfox_build/fbterm_build/usr/include -I/home/miku/luckfox_build/fbterm_build/include -L/home/miku/luckfox_build/fbterm_build/usr/lib -L/home/miku/luckfox_build/fbterm_build/lib conftest.cpp -lfontconfig -lfreetype -lexpat -lm -lz -liconv >&5
configure:2916: $? = 0
configure:2965: result: yes
configure:2968: checking for C++ compiler default output file name
configure:2970: result: a.out
configure:2976: checking for suffix of executables
configure:2983: arm-rockchip830-linux-uclibcgnueabihf-g++ -o conftest -fpermissive -std=gnu++98 -I/home/miku/luckfox_build/fbterm_build/usr/include -I/home/miku/luckfox_build/fbterm_build/include -L/home/miku/luckfox_build/fbterm_build/usr/lib -L/home/miku/luckfox_build/fbterm_build/lib conftest.cpp -lfontconfig -lfreetype -lexpat -lm -lz -liconv >&5
configure:2987: $? = 0
configure:3009: result: 
configure:3031: checking whether we are cross compiling
configure:3039: arm-rockchip830-linux-uclibcgnueabihf-g++ -o conftest -fpermissive -std=gnu++98 -I/home/miku/luckfox_build/fbterm_build/usr/include -I/home/miku/luckfox_build/fbterm_build/include -L/home/miku/luckfox_build/fbterm_build/usr/lib -L/home/miku/luckfox_build/fbterm_build/lib conftest.cpp -lfontconfig -lfreetype -lexpat -lm -lz -liconv >&5
configure:3043: $? = 0
configure:3050: ./conftest
configure:3054: $? = 0
configure:3042: result: no
configure:3047: checking for suffix of object files
configure:3069: arm-rockchip830-linux-uclibcgnueabihf-g++ -c -fpermissive -std=gnu++98 -I/home/miku/luckfox_build/fbterm_build/usr/include -I/home/miku/luckfox_build/fbterm_build/include conftest.cpp >&5
configure:3073: $? = 0
configure:3094: result: o
configure:3098: checking whether we are using the GNU C++ compiler
configure:3117: arm-rockchip830-linux-uclibcgnueabihf-g++ -c -fpermissive -std=gnu++98 -I/home/miku/luckfox_build/fbterm_build/usr/include -I/home/miku/luckfox_build/fbterm_build/include conftest.cpp >&5
configure:3117: $? = 0
configure:3126: result: yes
configure:3135: checking whether arm-rockchip830-linux-uclibcgnueabihf-g++ accepts -g
configure:3155: arm-rockchip830-linux-uclibcgnueabihf-g++ -c -g -I/home/miku/luckfox_build/fbterm_build/usr/include -I/home/miku/luckfox_build/fbterm_build/include conftest.cpp >&5
configure:3155: $? = 0
configure:3196: result: yes
configure:3230: checking for style of include used by make
configure:3258: result: GNU
configure:3283: checking dependency style of arm-rockchip830-linux-uclibcgnueabihf-g++
configure:3393: result: gcc3
configure:3416: checking for arm-rockchip830-linux-uclibcgnueabihf-gcc
configure:3443: result: arm-rockchip830-linux-uclibcgnueabihf-gcc
configure:3712: checking for C compiler version
configure:3721: arm-rockchip830-linux-uclibcgnueabihf-gcc --version >&5
arm-rockchip830-linux-uclibcgnueabihf-gcc (crosstool-NG 1.24.0) 8.3.0
Copyright (C) 2018 Free Software Foundation, Inc.
This is free software; see the source for copying conditions.  There is NO
warranty; not even for MERCHANTABILITY or FITNESS FOR A PARTICULAR PURPOSE.

configure:3732: $? = 0
configure:3721: arm-rockchip830-linux-uclibcgnueabihf-gcc -v >&5
Using built-in specs.
COLLECT_GCC=arm-rockchip830-linux-uclibcgnueabihf-gcc
COLLECT_LTO_WRAPPER=/home/miku/luckfox-pico/tools/linux/toolchain/arm-rockchip830-linux-uclibcgnueabihf/bin/../libexec/gcc/arm-rockchip830-linux-uclibcgnueabihf/8.3.0/lto-wrapper
Target: arm-rockchip830-linux-uclibcgnueabihf
Configured with: /opt/.build/arm-rockchip830-linux-uclibcgnueabihf/src/gcc/configure --build=x86_64-build_pc-linux-gnu --host=x86_64-build_pc-linux-gnu --target=arm-rockchip830-linux-uclibcgnueabihf --prefix=/opt/x-tool/arm-rockchip830-linux-uclibcgnueabihf --with-sysroot=/opt/x-tool/arm-rockchip830-linux-uclibcgnueabihf/arm-rockchip830-linux-uclibcgnueabihf/sysroot --enable-languages=c,c++ --with-arch=armv7-a --with-fpu=neon-vfpv4 --with-float=hard --with-pkgversion='crosstool-NG 1.24.0' --enable-__cxa_atexit --disable-libmudflap --disable-libgomp --disable-libssp --disable-libquadmath --disable-libquadmath-support --disable-libsanitizer --disable-libmpx --with-gmp=/opt/.build/arm-rockchip830-linux-uclibcgnueabihf/buildtools --with-mpfr=/opt/.build/arm-rockchip830-linux-uclibcgnueabihf/buildtools --with-mpc=/opt/.build/arm-rockchip830-linux-uclibcgnueabihf/buildtools --with-isl=/opt/.build/arm-rockchip830-linux-uclibcgnueabihf/buildtools --enable-lto --with-host-libstdcxx='-static-libgcc -Wl,-Bstatic,-lstdc++,-Bdynamic -lm' --enable-threads=posix --enable-target-optspace --enable-plugin --enable-gold --disable-nls --disable-multilib --with-local-prefix=/opt/x-tool/arm-rockchip830-linux-uclibcgnueabihf/arm-rockchip830-linux-uclibcgnueabihf/sysroot --enable-long-long
Thread model: posix
gcc version 8.3.0 (crosstool-NG 1.24.0) 
configure:3732: $? = 0
configure:3721: arm-rockchip830-linux-uclibcgnueabihf-gcc -V >&5
arm-rockchip830-linux-uclibcgnueabihf-gcc: error: unrecognized command line option '-V'
arm-rockchip830-linux-uclibcgnueabihf-gcc: fatal error: no input files
compilation terminated.
configure:3732: $? = 1
configure:3721: arm-rockchip830-linux-uclibcgnueabihf-gcc -qversion >&5
arm-rockchip830-linux-uclibcgnueabihf-gcc: error: unrecognized command line option '-qversion'; did you mean '--version'?
arm-rockchip830-linux-uclibcgnueabihf-gcc: fatal error: no input files
compilation terminated.
configure:3732: $? = 1
configure:3736: checking whether we are using the GNU C compiler
configure:3755: arm-rockchip830-linux-uclibcgnueabihf-gcc -c  -I/home/miku/luckfox_build/fbterm_build/usr/include -I/home/miku/luckfox_build/fbterm_build/include conftest.c >&5
configure:3755: $? = 0
configure:3764: result: yes
configure:3773: checking whether arm-rockchip830-linux-uclibcgnueabihf-gcc accepts -g
configure:3793: arm-rockchip830-linux-uclibcgnueabihf-gcc -c -g -I/home/miku/luckfox_build/fbterm_build/usr/include -I/home/miku/luckfox_build/fbterm_build/include conftest.c >&5
configure:3793: $? = 0
configure:3834: result: yes
configure:3851: checking for arm-rockchip830-linux-uclibcgnueabihf-gcc option to accept ISO C89
configure:3915: arm-rockchip830-linux-uclibcgnueabihf-gcc  -c -g -O2 -I/home/miku/luckfox_build/fbterm_build/usr/include -I/home/miku/luckfox_build/fbterm_build/include conftest.c >&5
configure:3915: $? = 0
configure:3928: result: none needed
configure:3950: checking dependency style of arm-rockchip830-linux-uclibcgnueabihf-gcc
configure:4060: result: gcc3
configure:4078: checking for arm-rockchip830-linux-uclibcgnueabihf-ranlib
configure:4105: result: arm-rockchip830-linux-uclibcgnueabihf-ranlib
configure:4173: checking for arm-rockchip830-linux-uclibcgnueabihf-pkg-config
configure:4206: result: no
configure:4216: checking for pkg-config
configure:4234: found /usr/bin/pkg-config
configure:4246: result: /usr/bin/pkg-config
configure:4271: checking pkg-config is at least version 0.9.0
configure:4274: result: yes
configure:4319: checking for forkpty in -lutil
configure:4344: arm-rockchip830-linux-uclibcgnueabihf-gcc -o conftest -g -O2 -I/home/miku/luckfox_build/fbterm_build/usr/include -I/home/miku/luckfox_build/fbterm_build/include -L/home/miku/luckfox_build/fbterm_build/usr/lib -L/home/miku/luckfox_build/fbterm_build/lib conftest.c -lutil  -lfontconfig -lfreetype -lexpat -lm -lz -liconv >&5
configure:4344: $? = 0
configure:4353: result: yes
configure:4366: checking for FT2
configure:4374: $PKG_CONFIG --exists --print-errors "freetype2"
configure:4377: $? = 0
configure:4392: $PKG_CONFIG --exists --print-errors "freetype2"
configure:4395: $? = 0
configure:4450: result: yes
configure:4456: checking for FC
configure:4464: $PKG_CONFIG --exists --print-errors "fontconfig"
configure:4467: $? = 0
configure:4482: $PKG_CONFIG --exists --print-errors "fontconfig"
configure:4485: $? = 0
configure:4540: result: yes
configure:4551: checking how to run the C preprocessor
configure:4582: arm-rockchip830-linux-uclibcgnueabihf-gcc -E -I/home/miku/luckfox_build/fbterm_build/usr/include -I/home/miku/luckfox_build/fbterm_build/include conftest.c
configure:4582: $? = 0
configure:4596: arm-rockchip830-linux-uclibcgnueabihf-gcc -E -I/home/miku/luckfox_build/fbterm_build/usr/include -I/home/miku/luckfox_build/fbterm_build/include conftest.c
conftest.c:12:10: fatal error: ac_nonexistent.h: No such file or directory
 #include <ac_nonexistent.h>
          ^~~~~~~~~~~~~~~~~~
compilation terminated.
configure:4596: $? = 1
configure: failed program was:
| /* confdefs.h */
| #define PACKAGE_NAME "FbTerm"
| #define PACKAGE_TARNAME "fbterm"
| #define PACKAGE_VERSION "1.7"
| #define PACKAGE_STRING "FbTerm 1.7"
| #define PACKAGE_BUGREPORT ""
| #define PACKAGE_URL ""
| #define PACKAGE "fbterm"
| #define VERSION "1.7"
| #define HAVE_LIBUTIL 1
| /* end confdefs.h.  */
| #include <ac_nonexistent.h>
configure:4621: result: arm-rockchip830-linux-uclibcgnueabihf-gcc -E
configure:4641: arm-rockchip830-linux-uclibcgnueabihf-gcc -E -I/home/miku/luckfox_build/fbterm_build/usr/include -I/home/miku/luckfox_build/fbterm_build/include conftest.c
configure:4641: $? = 0
configure:4655: arm-rockchip830-linux-uclibcgnueabihf-gcc -E -I/home/miku/luckfox_build/fbterm_build/usr/include -I/home/miku/luckfox_build/fbterm_build/include conftest.c
conftest.c:12:10: fatal error: ac_nonexistent.h: No such file or directory
 #include <ac_nonexistent.h>
          ^~~~~~~~~~~~~~~~~~
compilation terminated.
configure:4655: $? = 1
configure: failed program was:
| /* confdefs.h */
| #define PACKAGE_NAME "FbTerm"
| #define PACKAGE_TARNAME "fbterm"
| #define PACKAGE_VERSION "1.7"
| #define PACKAGE_STRING "FbTerm 1.7"
| #define PACKAGE_BUGREPORT ""
| #define PACKAGE_URL ""
| #define PACKAGE "fbterm"
| #define VERSION "1.7"
| #define HAVE_LIBUTIL 1
| /* end confdefs.h.  */
| #include <ac_nonexistent.h>
configure:4684: checking for grep that handles long lines and -e
configure:4742: result: /usr/bin/grep
configure:4747: checking for egrep
configure:4809: result: /usr/bin/grep -E
configure:4814: checking for ANSI C header files
configure:4834: arm-rockchip830-linux-uclibcgnueabihf-gcc -c -g -O2 -I/home/miku/luckfox_build/fbterm_build/usr/include -I/home/miku/luckfox_build/fbterm_build/include conftest.c >&5
configure:4834: $? = 0
configure:4907: arm-rockchip830-linux-uclibcgnueabihf-gcc -o conftest -g -O2 -I/home/miku/luckfox_build/fbterm_build/usr/include -I/home/miku/luckfox_build/fbterm_build/include -L/home/miku/luckfox_build/fbterm_build/usr/lib -L/home/miku/luckfox_build/fbterm_build/lib conftest.c -lutil -lfontconfig -lfreetype -lexpat -lm -lz -liconv >&5
configure:4907: $? = 0
configure:4907: ./conftest
configure:4907: $? = 0
configure:4918: result: yes
configure:4926: checking for sys/wait.h that is POSIX.1 compatible
configure:4952: arm-rockchip830-linux-uclibcgnueabihf-gcc -c -g -O2 -I/home/miku/luckfox_build/fbterm_build/usr/include -I/home/miku/luckfox_build/fbterm_build/include conftest.c >&5
configure:4952: $? = 0
configure:4959: result: yes
configure:4972: checking for sys/types.h
configure:4972: arm-rockchip830-linux-uclibcgnueabihf-gcc -c -g -O2 -I/home/miku/luckfox_build/fbterm_build/usr/include -I/home/miku/luckfox_build/fbterm_build/include conftest.c >&5
configure:4972: $? = 0
configure:4972: result: yes
configure:4972: checking for sys/stat.h
configure:4972: arm-rockchip830-linux-uclibcgnueabihf-gcc -c -g -O2 -I/home/miku/luckfox_build/fbterm_build/usr/include -I/home/miku/luckfox_build/fbterm_build/include conftest.c >&5
configure:4972: $? = 0
configure:4972: result: yes
configure:4972: checking for stdlib.h
configure:4972: arm-rockchip830-linux-uclibcgnueabihf-gcc -c -g -O2 -I/home/miku/luckfox_build/fbterm_build/usr/include -I/home/miku/luckfox_build/fbterm_build/include conftest.c >&5
configure:4972: $? = 0
configure:4972: result: yes
configure:4972: checking for string.h
configure:4972: arm-rockchip830-linux-uclibcgnueabihf-gcc -c -g -O2 -I/home/miku/luckfox_build/fbterm_build/usr/include -I/home/miku/luckfox_build/fbterm_build/include conftest.c >&5
configure:4972: $? = 0
configure:4972: result: yes
configure:4972: checking for memory.h
configure:4972: arm-rockchip830-linux-uclibcgnueabihf-gcc -c -g -O2 -I/home/miku/luckfox_build/fbterm_build/usr/include -I/home/miku/luckfox_build/fbterm_build/include conftest.c >&5
configure:4972: $? = 0
configure:4972: result: yes
configure:4972: checking for strings.h
configure:4972: arm-rockchip830-linux-uclibcgnueabihf-gcc -c -g -O2 -I/home/miku/luckfox_build/fbterm_build/usr/include -I/home/miku/luckfox_build/fbterm_build/include conftest.c >&5
configure:4972: $? = 0
configure:4972: result: yes
configure:4972: checking for inttypes.h
configure:4972: arm-rockchip830-linux-uclibcgnueabihf-gcc -c -g -O2 -I/home/miku/luckfox_build/fbterm_build/usr/include -I/home/miku/luckfox_build/fbterm_build/include conftest.c >&5
configure:4972: $? = 0
configure:4972: result: yes
configure:4972: checking for stdint.h
configure:4972: arm-rockchip830-linux-uclibcgnueabihf-gcc -c -g -O2 -I/home/miku/luckfox_build/fbterm_build/usr/include -I/home/miku/luckfox_build/fbterm_build/include conftest.c >&5
configure:4972: $? = 0
configure:4972: result: yes
configure:4972: checking for unistd.h
configure:4972: arm-rockchip830-linux-uclibcgnueabihf-gcc -c -g -O2 -I/home/miku/luckfox_build/fbterm_build/usr/include -I/home/miku/luckfox_build/fbterm_build/include conftest.c >&5
configure:4972: $? = 0
configure:4972: result: yes
configure:4989: checking fcntl.h usability
configure:4989: arm-rockchip830-linux-uclibcgnueabihf-gcc -c -g -O2 -I/home/miku/luckfox_build/fbterm_build/usr/include -I/home/miku/luckfox_build/fbterm_build/include conftest.c >&5
configure:4989: $? = 0
configure:4989: result: yes
configure:4989: checking fcntl.h presence
configure:4989: arm-rockchip830-linux-uclibcgnueabihf-gcc -E -I/home/miku/luckfox_build/fbterm_build/usr/include -I/home/miku/luckfox_build/fbterm_build/include conftest.c
configure:4989: $? = 0
configure:4989: result: yes
configure:4989: checking for fcntl.h
configure:4989: result: yes
configure:4989: checking langinfo.h usability
configure:4989: arm-rockchip830-linux-uclibcgnueabihf-gcc -c -g -O2 -I/home/miku/luckfox_build/fbterm_build/usr/include -I/home/miku/luckfox_build/fbterm_build/include conftest.c >&5
configure:4989: $? = 0
configure:4989: result: yes
configure:4989: checking langinfo.h presence
configure:4989: arm-rockchip830-linux-uclibcgnueabihf-gcc -E -I/home/miku/luckfox_build/fbterm_build/usr/include -I/home/miku/luckfox_build/fbterm_build/include conftest.c
configure:4989: $? = 0
configure:4989: result: yes
configure:4989: checking for langinfo.h
configure:4989: result: yes
configure:4989: checking locale.h usability
configure:4989: arm-rockchip830-linux-uclibcgnueabihf-gcc -c -g -O2 -I/home/miku/luckfox_build/fbterm_build/usr/include -I/home/miku/luckfox_build/fbterm_build/include conftest.c >&5
configure:4989: $? = 0
configure:4989: result: yes
configure:4989: checking locale.h presence
configure:4989: arm-rockchip830-linux-uclibcgnueabihf-gcc -E -I/home/miku/luckfox_build/fbterm_build/usr/include -I/home/miku/luckfox_build/fbterm_build/include conftest.c
configure:4989: $? = 0
configure:4989: result: yes
configure:4989: checking for locale.h
configure:4989: result: yes
configure:4989: checking stddef.h usability
configure:4989: arm-rockchip830-linux-uclibcgnueabihf-gcc -c -g -O2 -I/home/miku/luckfox_build/fbterm_build/usr/include -I/home/miku/luckfox_build/fbterm_build/include conftest.c >&5
configure:4989: $? = 0
configure:4989: result: yes
configure:4989: checking stddef.h presence
configure:4989: arm-rockchip830-linux-uclibcgnueabihf-gcc -E -I/home/miku/luckfox_build/fbterm_build/usr/include -I/home/miku/luckfox_build/fbterm_build/include conftest.c
configure:4989: $? = 0
configure:4989: result: yes
configure:4989: checking for stddef.h
configure:4989: result: yes
configure:4989: checking for stdlib.h
configure:4989: result: yes
configure:4989: checking for string.h
configure:4989: result: yes
configure:4989: checking termios.h usability
configure:4989: arm-rockchip830-linux-uclibcgnueabihf-gcc -c -g -O2 -I/home/miku/luckfox_build/fbterm_build/usr/include -I/home/miku/luckfox_build/fbterm_build/include conftest.c >&5
configure:4989: $? = 0
configure:4989: result: yes
configure:4989: checking termios.h presence
configure:4989: arm-rockchip830-linux-uclibcgnueabihf-gcc -E -I/home/miku/luckfox_build/fbterm_build/usr/include -I/home/miku/luckfox_build/fbterm_build/include conftest.c
configure:4989: $? = 0
configure:4989: result: yes
configure:4989: checking for termios.h
configure:4989: result: yes
configure:4989: checking for unistd.h
configure:4989: result: yes
configure:4989: checking sys/ioctl.h usability
configure:4989: arm-rockchip830-linux-uclibcgnueabihf-gcc -c -g -O2 -I/home/miku/luckfox_build/fbterm_build/usr/include -I/home/miku/luckfox_build/fbterm_build/include conftest.c >&5
configure:4989: $? = 0
configure:4989: result: yes
configure:4989: checking sys/ioctl.h presence
configure:4989: arm-rockchip830-linux-uclibcgnueabihf-gcc -E -I/home/miku/luckfox_build/fbterm_build/usr/include -I/home/miku/luckfox_build/fbterm_build/include conftest.c
configure:4989: $? = 0
configure:4989: result: yes
configure:4989: checking for sys/ioctl.h
configure:4989: result: yes
configure:4989: checking sys/socket.h usability
configure:4989: arm-rockchip830-linux-uclibcgnueabihf-gcc -c -g -O2 -I/home/miku/luckfox_build/fbterm_build/usr/include -I/home/miku/luckfox_build/fbterm_build/include conftest.c >&5
configure:4989: $? = 0
configure:4989: result: yes
configure:4989: checking sys/socket.h presence
configure:4989: arm-rockchip830-linux-uclibcgnueabihf-gcc -E -I/home/miku/luckfox_build/fbterm_build/usr/include -I/home/miku/luckfox_build/fbterm_build/include conftest.c
configure:4989: $? = 0
configure:4989: result: yes
configure:4989: checking for sys/socket.h
configure:4989: result: yes
configure:4989: checking sys/time.h usability
configure:4989: arm-rockchip830-linux-uclibcgnueabihf-gcc -c -g -O2 -I/home/miku/luckfox_build/fbterm_build/usr/include -I/home/miku/luckfox_build/fbterm_build/include conftest.c >&5
configure:4989: $? = 0
configure:4989: result: yes
configure:4989: checking sys/time.h presence
configure:4989: arm-rockchip830-linux-uclibcgnueabihf-gcc -E -I/home/miku/luckfox_build/fbterm_build/usr/include -I/home/miku/luckfox_build/fbterm_build/include conftest.c
configure:4989: $? = 0
configure:4989: result: yes
configure:4989: checking for sys/time.h
configure:4989: result: yes
configure:4989: checking linux/fb.h usability
configure:4989: arm-rockchip830-linux-uclibcgnueabihf-gcc -c -g -O2 -I/home/miku/luckfox_build/fbterm_build/usr/include -I/home/miku/luckfox_build/fbterm_build/include conftest.c >&5
configure:4989: $? = 0
configure:4989: result: yes
configure:4989: checking linux/fb.h presence
configure:4989: arm-rockchip830-linux-uclibcgnueabihf-gcc -E -I/home/miku/luckfox_build/fbterm_build/usr/include -I/home/miku/luckfox_build/fbterm_build/include conftest.c
configure:4989: $? = 0
configure:4989: result: yes
configure:4989: checking for linux/fb.h
configure:4989: result: yes
configure:4989: checking linux/kd.h usability
configure:4989: arm-rockchip830-linux-uclibcgnueabihf-gcc -c -g -O2 -I/home/miku/luckfox_build/fbterm_build/usr/include -I/home/miku/luckfox_build/fbterm_build/include conftest.c >&5
configure:4989: $? = 0
configure:4989: result: yes
configure:4989: checking linux/kd.h presence
configure:4989: arm-rockchip830-linux-uclibcgnueabihf-gcc -E -I/home/miku/luckfox_build/fbterm_build/usr/include -I/home/miku/luckfox_build/fbterm_build/include conftest.c
configure:4989: $? = 0
configure:4989: result: yes
configure:4989: checking for linux/kd.h
configure:4989: result: yes
configure:4989: checking linux/keyboard.h usability
configure:4989: arm-rockchip830-linux-uclibcgnueabihf-gcc -c -g -O2 -I/home/miku/luckfox_build/fbterm_build/usr/include -I/home/miku/luckfox_build/fbterm_build/include conftest.c >&5
configure:4989: $? = 0
configure:4989: result: yes
configure:4989: checking linux/keyboard.h presence
configure:4989: arm-rockchip830-linux-uclibcgnueabihf-gcc -E -I/home/miku/luckfox_build/fbterm_build/usr/include -I/home/miku/luckfox_build/fbterm_build/include conftest.c
configure:4989: $? = 0
configure:4989: result: yes
configure:4989: checking for linux/keyboard.h
configure:4989: result: yes
configure:4989: checking linux/input.h usability
configure:4989: arm-rockchip830-linux-uclibcgnueabihf-gcc -c -g -O2 -I/home/miku/luckfox_build/fbterm_build/usr/include -I/home/miku/luckfox_build/fbterm_build/include conftest.c >&5
configure:4989: $? = 0
configure:4989: result: yes
configure:4989: checking linux/input.h presence
configure:4989: arm-rockchip830-linux-uclibcgnueabihf-gcc -E -I/home/miku/luckfox_build/fbterm_build/usr/include -I/home/miku/luckfox_build/fbterm_build/include conftest.c
configure:4989: $? = 0
configure:4989: result: yes
configure:4989: checking for linux/input.h
configure:4989: result: yes
configure:5004: checking for stdbool.h that conforms to C99
configure:5089: arm-rockchip830-linux-uclibcgnueabihf-gcc -c -g -O2 -I/home/miku/luckfox_build/fbterm_build/usr/include -I/home/miku/luckfox_build/fbterm_build/include conftest.c >&5
configure:5089: $? = 0
configure:5096: result: yes
configure:5098: checking for _Bool
configure:5098: arm-rockchip830-linux-uclibcgnueabihf-gcc -c -g -O2 -I/home/miku/luckfox_build/fbterm_build/usr/include -I/home/miku/luckfox_build/fbterm_build/include conftest.c >&5
configure:5098: $? = 0
configure:5098: arm-rockchip830-linux-uclibcgnueabihf-gcc -c -g -O2 -I/home/miku/luckfox_build/fbterm_build/usr/include -I/home/miku/luckfox_build/fbterm_build/include conftest.c >&5
conftest.c: In function 'main':
conftest.c:74:20: error: expected expression before ')' token
 if (sizeof ((_Bool)))
                    ^
configure:5098: $? = 1
configure: failed program was:
| /* confdefs.h */
| #define PACKAGE_NAME "FbTerm"
| #define PACKAGE_TARNAME "fbterm"
| #define PACKAGE_VERSION "1.7"
| #define PACKAGE_STRING "FbTerm 1.7"
| #define PACKAGE_BUGREPORT ""
| #define PACKAGE_URL ""
| #define PACKAGE "fbterm"
| #define VERSION "1.7"
| #define HAVE_LIBUTIL 1
| #define STDC_HEADERS 1
| #define HAVE_SYS_WAIT_H 1
| #define HAVE_SYS_TYPES_H 1
| #define HAVE_SYS_STAT_H 1
| #define HAVE_STDLIB_H 1
| #define HAVE_STRING_H 1
| #define HAVE_MEMORY_H 1
| #define HAVE_STRINGS_H 1
| #define HAVE_INTTYPES_H 1
| #define HAVE_STDINT_H 1
| #define HAVE_UNISTD_H 1
| #define HAVE_FCNTL_H 1
| #define HAVE_LANGINFO_H 1
| #define HAVE_LOCALE_H 1
| #define HAVE_STDDEF_H 1
| #define HAVE_STDLIB_H 1
| #define HAVE_STRING_H 1
| #define HAVE_TERMIOS_H 1
| #define HAVE_UNISTD_H 1
| #define HAVE_SYS_IOCTL_H 1
| #define HAVE_SYS_SOCKET_H 1
| #define HAVE_SYS_TIME_H 1
| #define HAVE_LINUX_FB_H 1
| #define HAVE_LINUX_KD_H 1
| #define HAVE_LINUX_KEYBOARD_H 1
| #define HAVE_LINUX_INPUT_H 1
| /* end confdefs.h.  */
| #include <stdio.h>
| #ifdef HAVE_SYS_TYPES_H
| # include <sys/types.h>
| #endif
| #ifdef HAVE_SYS_STAT_H
| # include <sys/stat.h>
| #endif
| #ifdef STDC_HEADERS
| # include <stdlib.h>
| # include <stddef.h>
| #else
| # ifdef HAVE_STDLIB_H
| #  include <stdlib.h>
| # endif
| #endif
| #ifdef HAVE_STRING_H
| # if !defined STDC_HEADERS && defined HAVE_MEMORY_H
| #  include <memory.h>
| # endif
| # include <string.h>
| #endif
| #ifdef HAVE_STRINGS_H
| # include <strings.h>
| #endif
| #ifdef HAVE_INTTYPES_H
| # include <inttypes.h>
| #endif
| #ifdef HAVE_STDINT_H
| # include <stdint.h>
| #endif
| #ifdef HAVE_UNISTD_H
| # include <unistd.h>
| #endif
| int
| main ()
| {
| if (sizeof ((_Bool)))
| 	    return 0;
|   ;
|   return 0;
| }
configure:5098: result: yes
configure:5114: checking for an ANSI C-conforming const
configure:5179: arm-rockchip830-linux-uclibcgnueabihf-gcc -c -g -O2 -I/home/miku/luckfox_build/fbterm_build/usr/include -I/home/miku/luckfox_build/fbterm_build/include conftest.c >&5
configure:5179: $? = 0
configure:5186: result: yes
configure:5194: checking whether struct tm is in sys/time.h or time.h
configure:5214: arm-rockchip830-linux-uclibcgnueabihf-gcc -c -g -O2 -I/home/miku/luckfox_build/fbterm_build/usr/include -I/home/miku/luckfox_build/fbterm_build/include conftest.c >&5
configure:5214: $? = 0
configure:5221: result: time.h
configure:5232: checking whether arm-rockchip830-linux-uclibcgnueabihf-gcc needs -traditional
In file included from conftest.c:40:
/home/miku/luckfox-pico/tools/linux/toolchain/arm-rockchip830-linux-uclibcgnueabihf/arm-rockchip830-linux-uclibcgnueabihf/sysroot/usr/include/sgtty.h:21:2: warning: #warning useless header on uClibc [-Wcpp]
 #warning useless header on uClibc
  ^~~~~~~
configure:5266: result: no
configure:5279: checking for stdlib.h
configure:5279: result: yes
configure:5279: checking for unistd.h
configure:5279: result: yes
configure:5279: checking for sys/param.h
configure:5279: arm-rockchip830-linux-uclibcgnueabihf-gcc -c -g -O2 -I/home/miku/luckfox_build/fbterm_build/usr/include -I/home/miku/luckfox_build/fbterm_build/include conftest.c >&5
configure:5279: $? = 0
configure:5279: result: yes
configure:5300: checking for getpagesize
configure:5300: arm-rockchip830-linux-uclibcgnueabihf-gcc -o conftest -g -O2 -I/home/miku/luckfox_build/fbterm_build/usr/include -I/home/miku/luckfox_build/fbterm_build/include -L/home/miku/luckfox_build/fbterm_build/usr/lib -L/home/miku/luckfox_build/fbterm_build/lib conftest.c -lutil -lfontconfig -lfreetype -lexpat -lm -lz -liconv >&5
configure:5300: $? = 0
configure:5300: result: yes
configure:5309: checking for working mmap
configure:5456: arm-rockchip830-linux-uclibcgnueabihf-gcc -o conftest -g -O2 -I/home/miku/luckfox_build/fbterm_build/usr/include -I/home/miku/luckfox_build/fbterm_build/include -L/home/miku/luckfox_build/fbterm_build/usr/lib -L/home/miku/luckfox_build/fbterm_build/lib conftest.c -lutil -lfontconfig -lfreetype -lexpat -lm -lz -liconv >&5
configure:5456: $? = 0
configure:5456: ./conftest
configure:5456: $? = 0
configure:5466: result: yes
configure:5475: checking return type of signal handlers
configure:5493: arm-rockchip830-linux-uclibcgnueabihf-gcc -c -g -O2 -I/home/miku/luckfox_build/fbterm_build/usr/include -I/home/miku/luckfox_build/fbterm_build/include conftest.c >&5
conftest.c: In function 'main':
conftest.c:51:10: error: void value not ignored as it ought to be
 return *(signal (0, 0)) (0) == 1;
         ~^~~~~~~~~~~~~~~~~~
configure:5493: $? = 1
configure: failed program was:
| /* confdefs.h */
| #define PACKAGE_NAME "FbTerm"
| #define PACKAGE_TARNAME "fbterm"
| #define PACKAGE_VERSION "1.7"
| #define PACKAGE_STRING "FbTerm 1.7"
| #define PACKAGE_BUGREPORT ""
| #define PACKAGE_URL ""
| #define PACKAGE "fbterm"
| #define VERSION "1.7"
| #define HAVE_LIBUTIL 1
| #define STDC_HEADERS 1
| #define HAVE_SYS_WAIT_H 1
| #define HAVE_SYS_TYPES_H 1
| #define HAVE_SYS_STAT_H 1
| #define HAVE_STDLIB_H 1
| #define HAVE_STRING_H 1
| #define HAVE_MEMORY_H 1
| #define HAVE_STRINGS_H 1
| #define HAVE_INTTYPES_H 1
| #define HAVE_STDINT_H 1
| #define HAVE_UNISTD_H 1
| #define HAVE_FCNTL_H 1
| #define HAVE_LANGINFO_H 1
| #define HAVE_LOCALE_H 1
| #define HAVE_STDDEF_H 1
| #define HAVE_STDLIB_H 1
| #define HAVE_STRING_H 1
| #define HAVE_TERMIOS_H 1
| #define HAVE_UNISTD_H 1
| #define HAVE_SYS_IOCTL_H 1
| #define HAVE_SYS_SOCKET_H 1
| #define HAVE_SYS_TIME_H 1
| #define HAVE_LINUX_FB_H 1
| #define HAVE_LINUX_KD_H 1
| #define HAVE_LINUX_KEYBOARD_H 1
| #define HAVE_LINUX_INPUT_H 1
| #define HAVE__BOOL 1
| #define HAVE_STDBOOL_H 1
| #define HAVE_STDLIB_H 1
| #define HAVE_UNISTD_H 1
| #define HAVE_SYS_PARAM_H 1
| #define HAVE_GETPAGESIZE 1
| #define HAVE_MMAP 1
| /* end confdefs.h.  */
| #include <sys/types.h>
| #include <signal.h>
| 
| int
| main ()
| {
| return *(signal (0, 0)) (0) == 1;
|   ;
|   return 0;
| }
configure:5500: result: void
configure:5508: checking whether lstat correctly handles trailing slash
configure:5534: arm-rockchip830-linux-uclibcgnueabihf-gcc -o conftest -g -O2 -I/home/miku/luckfox_build/fbterm_build/usr/include -I/home/miku/luckfox_build/fbterm_build/include -L/home/miku/luckfox_build/fbterm_build/usr/lib -L/home/miku/luckfox_build/fbterm_build/lib conftest.c -lutil -lfontconfig -lfreetype -lexpat -lm -lz -liconv >&5
configure:5534: $? = 0
configure:5534: ./conftest
configure:5534: $? = 0
configure:5551: result: yes
configure:5570: checking whether stat accepts an empty string
configure:5590: arm-rockchip830-linux-uclibcgnueabihf-gcc -o conftest -g -O2 -I/home/miku/luckfox_build/fbterm_build/usr/include -I/home/miku/luckfox_build/fbterm_build/include -L/home/miku/luckfox_build/fbterm_build/usr/lib -L/home/miku/luckfox_build/fbterm_build/lib conftest.c -lutil -lfontconfig -lfreetype -lexpat -lm -lz -liconv >&5
configure:5590: $? = 0
configure:5590: ./conftest
configure:5590: $? = 0
configure:5600: result: no
configure:5619: checking for memset
configure:5619: arm-rockchip830-linux-uclibcgnueabihf-gcc -o conftest -g -O2 -I/home/miku/luckfox_build/fbterm_build/usr/include -I/home/miku/luckfox_build/fbterm_build/include -L/home/miku/luckfox_build/fbterm_build/usr/lib -L/home/miku/luckfox_build/fbterm_build/lib conftest.c -lutil -lfontconfig -lfreetype -lexpat -lm -lz -liconv >&5
conftest.c:70:6: warning: conflicting types for built-in function 'memset' [-Wbuiltin-declaration-mismatch]
 char memset ();
      ^~~~~~
configure:5619: $? = 0
configure:5619: result: yes
configure:5619: checking for memmove
configure:5619: arm-rockchip830-linux-uclibcgnueabihf-gcc -o conftest -g -O2 -I/home/miku/luckfox_build/fbterm_build/usr/include -I/home/miku/luckfox_build/fbterm_build/include -L/home/miku/luckfox_build/fbterm_build/usr/lib -L/home/miku/luckfox_build/fbterm_build/lib conftest.c -lutil -lfontconfig -lfreetype -lexpat -lm -lz -liconv >&5
conftest.c:71:6: warning: conflicting types for built-in function 'memmove' [-Wbuiltin-declaration-mismatch]
 char memmove ();
      ^~~~~~~
configure:5619: $? = 0
configure:5619: result: yes
configure:5619: checking for munmap
configure:5619: arm-rockchip830-linux-uclibcgnueabihf-gcc -o conftest -g -O2 -I/home/miku/luckfox_build/fbterm_build/usr/include -I/home/miku/luckfox_build/fbterm_build/include -L/home/miku/luckfox_build/fbterm_build/usr/lib -L/home/miku/luckfox_build/fbterm_build/lib conftest.c -lutil -lfontconfig -lfreetype -lexpat -lm -lz -liconv >&5
configure:5619: $? = 0
configure:5619: result: yes
configure:5619: checking for nl_langinfo
configure:5619: arm-rockchip830-linux-uclibcgnueabihf-gcc -o conftest -g -O2 -I/home/miku/luckfox_build/fbterm_build/usr/include -I/home/miku/luckfox_build/fbterm_build/include -L/home/miku/luckfox_build/fbterm_build/usr/lib -L/home/miku/luckfox_build/fbterm_build/lib conftest.c -lutil -lfontconfig -lfreetype -lexpat -lm -lz -liconv >&5
configure:5619: $? = 0
configure:5619: result: yes
configure:5619: checking for setenv
configure:5619: arm-rockchip830-linux-uclibcgnueabihf-gcc -o conftest -g -O2 -I/home/miku/luckfox_build/fbterm_build/usr/include -I/home/miku/luckfox_build/fbterm_build/include -L/home/miku/luckfox_build/fbterm_build/usr/lib -L/home/miku/luckfox_build/fbterm_build/lib conftest.c -lutil -lfontconfig -lfreetype -lexpat -lm -lz -liconv >&5
configure:5619: $? = 0
configure:5619: result: yes
configure:5619: checking for setlocale
configure:5619: arm-rockchip830-linux-uclibcgnueabihf-gcc -o conftest -g -O2 -I/home/miku/luckfox_build/fbterm_build/usr/include -I/home/miku/luckfox_build/fbterm_build/include -L/home/miku/luckfox_build/fbterm_build/usr/lib -L/home/miku/luckfox_build/fbterm_build/lib conftest.c -lutil -lfontconfig -lfreetype -lexpat -lm -lz -liconv >&5
configure:5619: $? = 0
configure:5619: result: yes
configure:5619: checking for socket
configure:5619: arm-rockchip830-linux-uclibcgnueabihf-gcc -o conftest -g -O2 -I/home/miku/luckfox_build/fbterm_build/usr/include -I/home/miku/luckfox_build/fbterm_build/include -L/home/miku/luckfox_build/fbterm_build/usr/lib -L/home/miku/luckfox_build/fbterm_build/lib conftest.c -lutil -lfontconfig -lfreetype -lexpat -lm -lz -liconv >&5
configure:5619: $? = 0
configure:5619: result: yes
configure:5619: checking for strcasecmp
configure:5619: arm-rockchip830-linux-uclibcgnueabihf-gcc -o conftest -g -O2 -I/home/miku/luckfox_build/fbterm_build/usr/include -I/home/miku/luckfox_build/fbterm_build/include -L/home/miku/luckfox_build/fbterm_build/usr/lib -L/home/miku/luckfox_build/fbterm_build/lib conftest.c -lutil -lfontconfig -lfreetype -lexpat -lm -lz -liconv >&5
conftest.c:77:6: warning: conflicting types for built-in function 'strcasecmp' [-Wbuiltin-declaration-mismatch]
 char strcasecmp ();
      ^~~~~~~~~~
configure:5619: $? = 0
configure:5619: result: yes
configure:5619: checking for strchr
configure:5619: arm-rockchip830-linux-uclibcgnueabihf-gcc -o conftest -g -O2 -I/home/miku/luckfox_build/fbterm_build/usr/include -I/home/miku/luckfox_build/fbterm_build/include -L/home/miku/luckfox_build/fbterm_build/usr/lib -L/home/miku/luckfox_build/fbterm_build/lib conftest.c -lutil -lfontconfig -lfreetype -lexpat -lm -lz -liconv >&5
conftest.c:78:6: warning: conflicting types for built-in function 'strchr' [-Wbuiltin-declaration-mismatch]
 char strchr ();
      ^~~~~~
configure:5619: $? = 0
configure:5619: result: yes
configure:5619: checking for strstr
configure:5619: arm-rockchip830-linux-uclibcgnueabihf-gcc -o conftest -g -O2 -I/home/miku/luckfox_build/fbterm_build/usr/include -I/home/miku/luckfox_build/fbterm_build/include -L/home/miku/luckfox_build/fbterm_build/usr/lib -L/home/miku/luckfox_build/fbterm_build/lib conftest.c -lutil -lfontconfig -lfreetype -lexpat -lm -lz -liconv >&5
conftest.c:79:6: warning: conflicting types for built-in function 'strstr' [-Wbuiltin-declaration-mismatch]
 char strstr ();
      ^~~~~~
configure:5619: $? = 0
configure:5619: result: yes
configure:5619: checking for strtol
configure:5619: arm-rockchip830-linux-uclibcgnueabihf-gcc -o conftest -g -O2 -I/home/miku/luckfox_build/fbterm_build/usr/include -I/home/miku/luckfox_build/fbterm_build/include -L/home/miku/luckfox_build/fbterm_build/usr/lib -L/home/miku/luckfox_build/fbterm_build/lib conftest.c -lutil -lfontconfig -lfreetype -lexpat -lm -lz -liconv >&5
configure:5619: $? = 0
configure:5619: result: yes
configure:5636: checking gpm.h usability
configure:5636: arm-rockchip830-linux-uclibcgnueabihf-gcc -c -g -O2 -I/home/miku/luckfox_build/fbterm_build/usr/include -I/home/miku/luckfox_build/fbterm_build/include conftest.c >&5
conftest.c:91:10: fatal error: gpm.h: No such file or directory
 #include <gpm.h>
          ^~~~~~~
compilation terminated.
configure:5636: $? = 1
configure: failed program was:
| /* confdefs.h */
| #define PACKAGE_NAME "FbTerm"
| #define PACKAGE_TARNAME "fbterm"
| #define PACKAGE_VERSION "1.7"
| #define PACKAGE_STRING "FbTerm 1.7"
| #define PACKAGE_BUGREPORT ""
| #define PACKAGE_URL ""
| #define PACKAGE "fbterm"
| #define VERSION "1.7"
| #define HAVE_LIBUTIL 1
| #define STDC_HEADERS 1
| #define HAVE_SYS_WAIT_H 1
| #define HAVE_SYS_TYPES_H 1
| #define HAVE_SYS_STAT_H 1
| #define HAVE_STDLIB_H 1
| #define HAVE_STRING_H 1
| #define HAVE_MEMORY_H 1
| #define HAVE_STRINGS_H 1
| #define HAVE_INTTYPES_H 1
| #define HAVE_STDINT_H 1
| #define HAVE_UNISTD_H 1
| #define HAVE_FCNTL_H 1
| #define HAVE_LANGINFO_H 1
| #define HAVE_LOCALE_H 1
| #define HAVE_STDDEF_H 1
| #define HAVE_STDLIB_H 1
| #define HAVE_STRING_H 1
| #define HAVE_TERMIOS_H 1
| #define HAVE_UNISTD_H 1
| #define HAVE_SYS_IOCTL_H 1
| #define HAVE_SYS_SOCKET_H 1
| #define HAVE_SYS_TIME_H 1
| #define HAVE_LINUX_FB_H 1
| #define HAVE_LINUX_KD_H 1
| #define HAVE_LINUX_KEYBOARD_H 1
| #define HAVE_LINUX_INPUT_H 1
| #define HAVE__BOOL 1
| #define HAVE_STDBOOL_H 1
| #define HAVE_STDLIB_H 1
| #define HAVE_UNISTD_H 1
| #define HAVE_SYS_PARAM_H 1
| #define HAVE_GETPAGESIZE 1
| #define HAVE_MMAP 1
| #define RETSIGTYPE void
| #define LSTAT_FOLLOWS_SLASHED_SYMLINK 1
| #define HAVE_MEMSET 1
| #define HAVE_MEMMOVE 1
| #define HAVE_MUNMAP 1
| #define HAVE_NL_LANGINFO 1
| #define HAVE_SETENV 1
| #define HAVE_SETLOCALE 1
| #define HAVE_SOCKET 1
| #define HAVE_STRCASECMP 1
| #define HAVE_STRCHR 1
| #define HAVE_STRSTR 1
| #define HAVE_STRTOL 1
| /* end confdefs.h.  */
| #include <stdio.h>
| #ifdef HAVE_SYS_TYPES_H
| # include <sys/types.h>
| #endif
| #ifdef HAVE_SYS_STAT_H
| # include <sys/stat.h>
| #endif
| #ifdef STDC_HEADERS
| # include <stdlib.h>
| # include <stddef.h>
| #else
| # ifdef HAVE_STDLIB_H
| #  include <stdlib.h>
| # endif
| #endif
| #ifdef HAVE_STRING_H
| # if !defined STDC_HEADERS && defined HAVE_MEMORY_H
| #  include <memory.h>
| # endif
| # include <string.h>
| #endif
| #ifdef HAVE_STRINGS_H
| # include <strings.h>
| #endif
| #ifdef HAVE_INTTYPES_H
| # include <inttypes.h>
| #endif
| #ifdef HAVE_STDINT_H
| # include <stdint.h>
| #endif
| #ifdef HAVE_UNISTD_H
| # include <unistd.h>
| #endif
| #include <gpm.h>
configure:5636: result: no
configure:5636: checking gpm.h presence
configure:5636: arm-rockchip830-linux-uclibcgnueabihf-gcc -E -I/home/miku/luckfox_build/fbterm_build/usr/include -I/home/miku/luckfox_build/fbterm_build/include conftest.c
conftest.c:58:10: fatal error: gpm.h: No such file or directory
 #include <gpm.h>
          ^~~~~~~
compilation terminated.
configure:5636: $? = 1
configure: failed program was:
| /* confdefs.h */
| #define PACKAGE_NAME "FbTerm"
| #define PACKAGE_TARNAME "fbterm"
| #define PACKAGE_VERSION "1.7"
| #define PACKAGE_STRING "FbTerm 1.7"
| #define PACKAGE_BUGREPORT ""
| #define PACKAGE_URL ""
| #define PACKAGE "fbterm"
| #define VERSION "1.7"
| #define HAVE_LIBUTIL 1
| #define STDC_HEADERS 1
| #define HAVE_SYS_WAIT_H 1
| #define HAVE_SYS_TYPES_H 1
| #define HAVE_SYS_STAT_H 1
| #define HAVE_STDLIB_H 1
| #define HAVE_STRING_H 1
| #define HAVE_MEMORY_H 1
| #define HAVE_STRINGS_H 1
| #define HAVE_INTTYPES_H 1
| #define HAVE_STDINT_H 1
| #define HAVE_UNISTD_H 1
| #define HAVE_FCNTL_H 1
| #define HAVE_LANGINFO_H 1
| #define HAVE_LOCALE_H 1
| #define HAVE_STDDEF_H 1
| #define HAVE_STDLIB_H 1
| #define HAVE_STRING_H 1
| #define HAVE_TERMIOS_H 1
| #define HAVE_UNISTD_H 1
| #define HAVE_SYS_IOCTL_H 1
| #define HAVE_SYS_SOCKET_H 1
| #define HAVE_SYS_TIME_H 1
| #define HAVE_LINUX_FB_H 1
| #define HAVE_LINUX_KD_H 1
| #define HAVE_LINUX_KEYBOARD_H 1
| #define HAVE_LINUX_INPUT_H 1
| #define HAVE__BOOL 1
| #define HAVE_STDBOOL_H 1
| #define HAVE_STDLIB_H 1
| #define HAVE_UNISTD_H 1
| #define HAVE_SYS_PARAM_H 1
| #define HAVE_GETPAGESIZE 1
| #define HAVE_MMAP 1
| #define RETSIGTYPE void
| #define LSTAT_FOLLOWS_SLASHED_SYMLINK 1
| #define HAVE_MEMSET 1
| #define HAVE_MEMMOVE 1
| #define HAVE_MUNMAP 1
| #define HAVE_NL_LANGINFO 1
| #define HAVE_SETENV 1
| #define HAVE_SETLOCALE 1
| #define HAVE_SOCKET 1
| #define HAVE_STRCASECMP 1
| #define HAVE_STRCHR 1
| #define HAVE_STRSTR 1
| #define HAVE_STRTOL 1
| /* end confdefs.h.  */
| #include <gpm.h>
configure:5636: result: no
configure:5636: checking for gpm.h
configure:5636: result: no
configure:5658: checking libx86.h usability
configure:5658: arm-rockchip830-linux-uclibcgnueabihf-gcc -c -g -O2 -I/home/miku/luckfox_build/fbterm_build/usr/include -I/home/miku/luckfox_build/fbterm_build/include conftest.c >&5
conftest.c:91:10: fatal error: libx86.h: No such file or directory
 #include <libx86.h>
          ^~~~~~~~~~
compilation terminated.
configure:5658: $? = 1
configure: failed program was:
| /* confdefs.h */
| #define PACKAGE_NAME "FbTerm"
| #define PACKAGE_TARNAME "fbterm"
| #define PACKAGE_VERSION "1.7"
| #define PACKAGE_STRING "FbTerm 1.7"
| #define PACKAGE_BUGREPORT ""
| #define PACKAGE_URL ""
| #define PACKAGE "fbterm"
| #define VERSION "1.7"
| #define HAVE_LIBUTIL 1
| #define STDC_HEADERS 1
| #define HAVE_SYS_WAIT_H 1
| #define HAVE_SYS_TYPES_H 1
| #define HAVE_SYS_STAT_H 1
| #define HAVE_STDLIB_H 1
| #define HAVE_STRING_H 1
| #define HAVE_MEMORY_H 1
| #define HAVE_STRINGS_H 1
| #define HAVE_INTTYPES_H 1
| #define HAVE_STDINT_H 1
| #define HAVE_UNISTD_H 1
| #define HAVE_FCNTL_H 1
| #define HAVE_LANGINFO_H 1
| #define HAVE_LOCALE_H 1
| #define HAVE_STDDEF_H 1
| #define HAVE_STDLIB_H 1
| #define HAVE_STRING_H 1
| #define HAVE_TERMIOS_H 1
| #define HAVE_UNISTD_H 1
| #define HAVE_SYS_IOCTL_H 1
| #define HAVE_SYS_SOCKET_H 1
| #define HAVE_SYS_TIME_H 1
| #define HAVE_LINUX_FB_H 1
| #define HAVE_LINUX_KD_H 1
| #define HAVE_LINUX_KEYBOARD_H 1
| #define HAVE_LINUX_INPUT_H 1
| #define HAVE__BOOL 1
| #define HAVE_STDBOOL_H 1
| #define HAVE_STDLIB_H 1
| #define HAVE_UNISTD_H 1
| #define HAVE_SYS_PARAM_H 1
| #define HAVE_GETPAGESIZE 1
| #define HAVE_MMAP 1
| #define RETSIGTYPE void
| #define LSTAT_FOLLOWS_SLASHED_SYMLINK 1
| #define HAVE_MEMSET 1
| #define HAVE_MEMMOVE 1
| #define HAVE_MUNMAP 1
| #define HAVE_NL_LANGINFO 1
| #define HAVE_SETENV 1
| #define HAVE_SETLOCALE 1
| #define HAVE_SOCKET 1
| #define HAVE_STRCASECMP 1
| #define HAVE_STRCHR 1
| #define HAVE_STRSTR 1
| #define HAVE_STRTOL 1
| /* end confdefs.h.  */
| #include <stdio.h>
| #ifdef HAVE_SYS_TYPES_H
| # include <sys/types.h>
| #endif
| #ifdef HAVE_SYS_STAT_H
| # include <sys/stat.h>
| #endif
| #ifdef STDC_HEADERS
| # include <stdlib.h>
| # include <stddef.h>
| #else
| # ifdef HAVE_STDLIB_H
| #  include <stdlib.h>
| # endif
| #endif
| #ifdef HAVE_STRING_H
| # if !defined STDC_HEADERS && defined HAVE_MEMORY_H
| #  include <memory.h>
| # endif
| # include <string.h>
| #endif
| #ifdef HAVE_STRINGS_H
| # include <strings.h>
| #endif
| #ifdef HAVE_INTTYPES_H
| # include <inttypes.h>
| #endif
| #ifdef HAVE_STDINT_H
| # include <stdint.h>
| #endif
| #ifdef HAVE_UNISTD_H
| # include <unistd.h>
| #endif
| #include <libx86.h>
configure:5658: result: no
configure:5658: checking libx86.h presence
configure:5658: arm-rockchip830-linux-uclibcgnueabihf-gcc -E -I/home/miku/luckfox_build/fbterm_build/usr/include -I/home/miku/luckfox_build/fbterm_build/include conftest.c
conftest.c:58:10: fatal error: libx86.h: No such file or directory
 #include <libx86.h>
          ^~~~~~~~~~
compilation terminated.
configure:5658: $? = 1
configure: failed program was:
| /* confdefs.h */
| #define PACKAGE_NAME "FbTerm"
| #define PACKAGE_TARNAME "fbterm"
| #define PACKAGE_VERSION "1.7"
| #define PACKAGE_STRING "FbTerm 1.7"
| #define PACKAGE_BUGREPORT ""
| #define PACKAGE_URL ""
| #define PACKAGE "fbterm"
| #define VERSION "1.7"
| #define HAVE_LIBUTIL 1
| #define STDC_HEADERS 1
| #define HAVE_SYS_WAIT_H 1
| #define HAVE_SYS_TYPES_H 1
| #define HAVE_SYS_STAT_H 1
| #define HAVE_STDLIB_H 1
| #define HAVE_STRING_H 1
| #define HAVE_MEMORY_H 1
| #define HAVE_STRINGS_H 1
| #define HAVE_INTTYPES_H 1
| #define HAVE_STDINT_H 1
| #define HAVE_UNISTD_H 1
| #define HAVE_FCNTL_H 1
| #define HAVE_LANGINFO_H 1
| #define HAVE_LOCALE_H 1
| #define HAVE_STDDEF_H 1
| #define HAVE_STDLIB_H 1
| #define HAVE_STRING_H 1
| #define HAVE_TERMIOS_H 1
| #define HAVE_UNISTD_H 1
| #define HAVE_SYS_IOCTL_H 1
| #define HAVE_SYS_SOCKET_H 1
| #define HAVE_SYS_TIME_H 1
| #define HAVE_LINUX_FB_H 1
| #define HAVE_LINUX_KD_H 1
| #define HAVE_LINUX_KEYBOARD_H 1
| #define HAVE_LINUX_INPUT_H 1
| #define HAVE__BOOL 1
| #define HAVE_STDBOOL_H 1
| #define HAVE_STDLIB_H 1
| #define HAVE_UNISTD_H 1
| #define HAVE_SYS_PARAM_H 1
| #define HAVE_GETPAGESIZE 1
| #define HAVE_MMAP 1
| #define RETSIGTYPE void
| #define LSTAT_FOLLOWS_SLASHED_SYMLINK 1
| #define HAVE_MEMSET 1
| #define HAVE_MEMMOVE 1
| #define HAVE_MUNMAP 1
| #define HAVE_NL_LANGINFO 1
| #define HAVE_SETENV 1
| #define HAVE_SETLOCALE 1
| #define HAVE_SOCKET 1
| #define HAVE_STRCASECMP 1
| #define HAVE_STRCHR 1
| #define HAVE_STRSTR 1
| #define HAVE_STRTOL 1
| /* end confdefs.h.  */
| #include <libx86.h>
configure:5658: result: no
configure:5658: checking for libx86.h
configure:5658: result: no
configure:5694: arm-rockchip830-linux-uclibcgnueabihf-gcc -o conftest -g -O2 -I/home/miku/luckfox_build/fbterm_build/usr/include -I/home/miku/luckfox_build/fbterm_build/include -L/home/miku/luckfox_build/fbterm_build/usr/lib -L/home/miku/luckfox_build/fbterm_build/lib conftest.c -lutil -lfontconfig -lfreetype -lexpat -lm -lz -liconv >&5
configure:5694: $? = 0
configure:5694: ./conftest
configure:5694: $? = 0
configure:5722: arm-rockchip830-linux-uclibcgnueabihf-gcc -o conftest -g -O2 -I/home/miku/luckfox_build/fbterm_build/usr/include -I/home/miku/luckfox_build/fbterm_build/include -L/home/miku/luckfox_build/fbterm_build/usr/lib -L/home/miku/luckfox_build/fbterm_build/lib conftest.c -lutil -lfontconfig -lfreetype -lexpat -lm -lz -liconv >&5
configure:5722: $? = 0
configure:5722: ./conftest
configure:5722: $? = 0
configure:5882: creating ./config.status

## ---------------------- ##
## Running config.status. ##
## ---------------------- ##

This file was extended by FbTerm config.status 1.7, which was
generated by GNU Autoconf 2.65.  Invocation command line was

  CONFIG_FILES    = 
  CONFIG_HEADERS  = 
  CONFIG_LINKS    = 
  CONFIG_COMMANDS = 
  $ ./config.status 

on miku-machine

config.status:914: creating Makefile
config.status:914: creating src/Makefile
config.status:914: creating src/lib/Makefile
config.status:914: creating im/Makefile
config.status:914: creating terminfo/Makefile
config.status:914: creating doc/Makefile
config.status:914: creating doc/fbterm.1
config.status:914: creating config.h
config.status:1086: config.h is unchanged
config.status:1146: linking src/input_key.h to im/input_key.h
config.status:1146: linking src/immessage.h to im/immessage.h
config.status:1165: executing depfiles commands
configure:7239: WARNING: gpm.h doesn't exist! gpm mouse support will be disabled!
configure:7241: WARNING: libx86.h doesn't exist! VESA support will be disabled!

## ---------------- ##
## Cache variables. ##
## ---------------- ##

ac_cv_c_compiler_gnu=yes
ac_cv_c_const=yes
ac_cv_cxx_compiler_gnu=yes
ac_cv_env_CCC_set=
ac_cv_env_CCC_value=
ac_cv_env_CC_set=set
ac_cv_env_CC_value=arm-rockchip830-linux-uclibcgnueabihf-gcc
ac_cv_env_CFLAGS_set=
ac_cv_env_CFLAGS_value=
ac_cv_env_CPPFLAGS_set=set
ac_cv_env_CPPFLAGS_value='-I/home/miku/luckfox_build/fbterm_build/usr/include -I/home/miku/luckfox_build/fbterm_build/include'
ac_cv_env_CPP_set=
ac_cv_env_CPP_value=
ac_cv_env_CXXFLAGS_set=set
ac_cv_env_CXXFLAGS_value='-fpermissive -std=gnu++98'
ac_cv_env_CXX_set=set
ac_cv_env_CXX_value=arm-rockchip830-linux-uclibcgnueabihf-g++
ac_cv_env_FC_CFLAGS_set=
ac_cv_env_FC_CFLAGS_value=
ac_cv_env_FC_LIBS_set=
ac_cv_env_FC_LIBS_value=
ac_cv_env_FT2_CFLAGS_set=
ac_cv_env_FT2_CFLAGS_value=
ac_cv_env_FT2_LIBS_set=
ac_cv_env_FT2_LIBS_value=
ac_cv_env_LDFLAGS_set=set
ac_cv_env_LDFLAGS_value='-L/home/miku/luckfox_build/fbterm_build/usr/lib -L/home/miku/luckfox_build/fbterm_build/lib'
ac_cv_env_LIBS_set=set
ac_cv_env_LIBS_value='-lfontconfig -lfreetype -lexpat -lm -lz -liconv'
ac_cv_env_PKG_CONFIG_set=
ac_cv_env_PKG_CONFIG_value=
ac_cv_env_build_alias_set=
ac_cv_env_build_alias_value=
ac_cv_env_host_alias_set=set
ac_cv_env_host_alias_value=arm-rockchip830-linux-uclibcgnueabihf
ac_cv_env_target_alias_set=
ac_cv_env_target_alias_value=
ac_cv_func_getpagesize=yes
ac_cv_func_lstat_dereferences_slashed_symlink=yes
ac_cv_func_memmove=yes
ac_cv_func_memset=yes
ac_cv_func_mmap_fixed_mapped=yes
ac_cv_func_munmap=yes
ac_cv_func_nl_langinfo=yes
ac_cv_func_setenv=yes
ac_cv_func_setlocale=yes
ac_cv_func_socket=yes
ac_cv_func_stat_empty_string_bug=no
ac_cv_func_strcasecmp=yes
ac_cv_func_strchr=yes
ac_cv_func_strstr=yes
ac_cv_func_strtol=yes
ac_cv_header_fcntl_h=yes
ac_cv_header_gpm_h=no
ac_cv_header_inttypes_h=yes
ac_cv_header_langinfo_h=yes
ac_cv_header_libx86_h=no
ac_cv_header_linux_fb_h=yes
ac_cv_header_linux_input_h=yes
ac_cv_header_linux_kd_h=yes
ac_cv_header_linux_keyboard_h=yes
ac_cv_header_locale_h=yes
ac_cv_header_memory_h=yes
ac_cv_header_stdbool_h=yes
ac_cv_header_stdc=yes
ac_cv_header_stddef_h=yes
ac_cv_header_stdint_h=yes
ac_cv_header_stdlib_h=yes
ac_cv_header_string_h=yes
ac_cv_header_strings_h=yes
ac_cv_header_sys_ioctl_h=yes
ac_cv_header_sys_param_h=yes
ac_cv_header_sys_socket_h=yes
ac_cv_header_sys_stat_h=yes
ac_cv_header_sys_time_h=yes
ac_cv_header_sys_types_h=yes
ac_cv_header_sys_wait_h=yes
ac_cv_header_termios_h=yes
ac_cv_header_unistd_h=yes
ac_cv_lib_util_forkpty=yes
ac_cv_objext=o
ac_cv_path_EGREP='/usr/bin/grep -E'
ac_cv_path_GREP=/usr/bin/grep
ac_cv_path_ac_pt_PKG_CONFIG=/usr/bin/pkg-config
ac_cv_path_install='/usr/bin/install -c'
ac_cv_path_mkdir=/usr/bin/mkdir
ac_cv_prog_AWK=gawk
ac_cv_prog_CC=arm-rockchip830-linux-uclibcgnueabihf-gcc
ac_cv_prog_CPP='arm-rockchip830-linux-uclibcgnueabihf-gcc -E'
ac_cv_prog_RANLIB=arm-rockchip830-linux-uclibcgnueabihf-ranlib
ac_cv_prog_STRIP=arm-rockchip830-linux-uclibcgnueabihf-strip
ac_cv_prog_cc_c89=
ac_cv_prog_cc_g=yes
ac_cv_prog_cxx_g=yes
ac_cv_prog_gcc_traditional=no
ac_cv_prog_make_make_set=yes
ac_cv_struct_tm=time.h
ac_cv_type__Bool=yes
ac_cv_type_signal=void
am_cv_CC_dependencies_compiler_type=gcc3
am_cv_CXX_dependencies_compiler_type=gcc3
pkg_cv_FC_CFLAGS=-I/home/miku/luckfox_build/fbterm_build/usr/include/freetype2
pkg_cv_FC_LIBS='-lfontconfig -lfreetype'
pkg_cv_FT2_CFLAGS=-I/home/miku/luckfox_build/fbterm_build/usr/include/freetype2
pkg_cv_FT2_LIBS=-lfreetype

## ----------------- ##
## Output variables. ##
## ----------------- ##

ACLOCAL='${SHELL} /home/miku/luckfox_build/fbterm-1.7/missing --run aclocal-1.11'
AMDEPBACKSLASH='\'
AMDEP_FALSE='#'
AMDEP_TRUE=''
AMTAR='${SHELL} /home/miku/luckfox_build/fbterm-1.7/missing --run tar'
AUTOCONF='${SHELL} /home/miku/luckfox_build/fbterm-1.7/missing --run autoconf'
AUTOHEADER='${SHELL} /home/miku/luckfox_build/fbterm-1.7/missing --run autoheader'
AUTOMAKE='${SHELL} /home/miku/luckfox_build/fbterm-1.7/missing --run automake-1.11'
AWK='gawk'
CC='arm-rockchip830-linux-uclibcgnueabihf-gcc'
CCDEPMODE='depmode=gcc3'
CFLAGS='-g -O2'
CPP='arm-rockchip830-linux-uclibcgnueabihf-gcc -E'
CPPFLAGS='-I/home/miku/luckfox_build/fbterm_build/usr/include -I/home/miku/luckfox_build/fbterm_build/include'
CXX='arm-rockchip830-linux-uclibcgnueabihf-g++'
CXXDEPMODE='depmode=gcc3'
CXXFLAGS='-fpermissive -std=gnu++98'
CYGPATH_W='echo'
DEFS='-DHAVE_CONFIG_H'
DEPDIR='.deps'
ECHO_C=''
ECHO_N='-n'
ECHO_T=''
EGREP='/usr/bin/grep -E'
EXEEXT=''
FC_CFLAGS='-I/home/miku/luckfox_build/fbterm_build/usr/include/freetype2'
FC_LIBS='-lfontconfig -lfreetype'
FT2_CFLAGS='-I/home/miku/luckfox_build/fbterm_build/usr/include/freetype2'
FT2_LIBS='-lfreetype'
GREP='/usr/bin/grep'
INSTALL_DATA='${INSTALL} -m 644'
INSTALL_PROGRAM='${INSTALL}'
INSTALL_SCRIPT='${INSTALL}'
INSTALL_STRIP_PROGRAM='$(install_sh) -c -s'
LDFLAGS='-L/home/miku/luckfox_build/fbterm_build/usr/lib -L/home/miku/luckfox_build/fbterm_build/lib'
LIBOBJS=''
LIBS='-lutil -lfontconfig -lfreetype -lexpat -lm -lz -liconv'
LTLIBOBJS=''
MAKEINFO='${SHELL} /home/miku/luckfox_build/fbterm-1.7/missing --run makeinfo'
MKDIR_P='/usr/bin/mkdir -p'
OBJEXT='o'
PACKAGE='fbterm'
PACKAGE_BUGREPORT=''
PACKAGE_NAME='FbTerm'
PACKAGE_STRING='FbTerm 1.7'
PACKAGE_TARNAME='fbterm'
PACKAGE_URL=''
PACKAGE_VERSION='1.7'
PATH_SEPARATOR=':'
PKG_CONFIG='/usr/bin/pkg-config'
RANLIB='arm-rockchip830-linux-uclibcgnueabihf-ranlib'
RELEASE_DATE='October 2010'
SET_MAKE=''
SHELL='/bin/bash'
STRIP='arm-rockchip830-linux-uclibcgnueabihf-strip'
VERSION='1.7'
VESA_FALSE=''
VESA_TRUE='#'
X86_LIBS=''
ac_ct_CC=''
ac_ct_CXX=''
am__EXEEXT_FALSE=''
am__EXEEXT_TRUE='#'
am__fastdepCC_FALSE='#'
am__fastdepCC_TRUE=''
am__fastdepCXX_FALSE='#'
am__fastdepCXX_TRUE=''
am__include='include'
am__isrc=''
am__leading_dot='.'
am__quote=''
am__tar='${AMTAR} chof - "$$tardir"'
am__untar='${AMTAR} xf -'
bindir='${exec_prefix}/bin'
build_alias=''
datadir='${datarootdir}'
datarootdir='${prefix}/share'
docdir='${datarootdir}/doc/${PACKAGE_TARNAME}'
dvidir='${docdir}'
exec_prefix='${prefix}'
host_alias='arm-rockchip830-linux-uclibcgnueabihf'
htmldir='${docdir}'
includedir='${prefix}/include'
infodir='${datarootdir}/info'
install_sh='${SHELL} /home/miku/luckfox_build/fbterm-1.7/install-sh'
libdir='${exec_prefix}/lib'
libexecdir='${exec_prefix}/libexec'
localedir='${datarootdir}/locale'
localstatedir='${prefix}/var'
mandir='${datarootdir}/man'
mkdir_p='/usr/bin/mkdir -p'
oldincludedir='/usr/include'
pdfdir='${docdir}'
prefix='/usr'
program_transform_name='s,x,x,'
psdir='${docdir}'
sbindir='${exec_prefix}/sbin'
sharedstatedir='${prefix}/com'
sysconfdir='${prefix}/etc'
target_alias=''

## ----------- ##
## confdefs.h. ##
## ----------- ##

/* confdefs.h */
#define PACKAGE_NAME "FbTerm"
#define PACKAGE_TARNAME "fbterm"
#define PACKAGE_VERSION "1.7"
#define PACKAGE_STRING "FbTerm 1.7"
#define PACKAGE_BUGREPORT ""
#define PACKAGE_URL ""
#define PACKAGE "fbterm"
#define VERSION "1.7"
#define HAVE_LIBUTIL 1
#define STDC_HEADERS 1
#define HAVE_SYS_WAIT_H 1
#define HAVE_SYS_TYPES_H 1
#define HAVE_SYS_STAT_H 1
#define HAVE_STDLIB_H 1
#define HAVE_STRING_H 1
#define HAVE_MEMORY_H 1
#define HAVE_STRINGS_H 1
#define HAVE_INTTYPES_H 1
#define HAVE_STDINT_H 1
#define HAVE_UNISTD_H 1
#define HAVE_FCNTL_H 1
#define HAVE_LANGINFO_H 1
#define HAVE_LOCALE_H 1
#define HAVE_STDDEF_H 1
#define HAVE_STDLIB_H 1
#define HAVE_STRING_H 1
#define HAVE_TERMIOS_H 1
#define HAVE_UNISTD_H 1
#define HAVE_SYS_IOCTL_H 1
#define HAVE_SYS_SOCKET_H 1
#define HAVE_SYS_TIME_H 1
#define HAVE_LINUX_FB_H 1
#define HAVE_LINUX_KD_H 1
#define HAVE_LINUX_KEYBOARD_H 1
#define HAVE_LINUX_INPUT_H 1
#define HAVE__BOOL 1
#define HAVE_STDBOOL_H 1
#define HAVE_STDLIB_H 1
#define HAVE_UNISTD_H 1
#define HAVE_SYS_PARAM_H 1
#define HAVE_GETPAGESIZE 1
#define HAVE_MMAP 1
#define RETSIGTYPE void
#define LSTAT_FOLLOWS_SLASHED_SYMLINK 1
#define HAVE_MEMSET 1
#define HAVE_MEMMOVE 1
#define HAVE_MUNMAP 1
#define HAVE_NL_LANGINFO 1
#define HAVE_SETENV 1
#define HAVE_SETLOCALE 1
#define HAVE_SOCKET 1
#define HAVE_STRCASECMP 1
#define HAVE_STRCHR 1
#define HAVE_STRSTR 1
#define HAVE_STRTOL 1
#define HAVE_EPOLL 1
#define HAVE_SIGNALFD 1

configure: exit 0
